TN:
SF:/home/jephillips/kohese-server/kohese-portal/client/polyfills.ts
FNF:0
FNH:0
DA:46,1
DA:60,1
LF:2
LH:2
BRF:0
BRH:0
end_of_record
TN:
SF:/home/jephillips/kohese-server/kohese-portal/client/test.ts
FN:20,(anonymous_0)
FNF:1
FNH:1
FNDA:1,(anonymous_0)
DA:3,1
DA:4,1
DA:5,1
DA:6,1
DA:7,1
DA:8,1
DA:9,1
DA:10,1
DA:20,1
DA:23,1
DA:28,1
DA:30,1
DA:32,1
LF:13
LH:13
BRF:0
BRH:0
end_of_record
TN:
SF:/home/jephillips/kohese-server/kohese-portal/client/mocks/data/MockDataModel.ts
FNF:0
FNH:0
DA:1,1
LF:1
LH:1
BRF:0
BRH:0
end_of_record
TN:
SF:/home/jephillips/kohese-server/kohese-portal/client/mocks/data/MockItem.ts
FNF:0
FNH:0
DA:1,1
DA:12,1
LF:2
LH:2
BRF:0
BRH:0
end_of_record
TN:
SF:/home/jephillips/kohese-server/kohese-portal/client/mocks/data/MockKoheseType.ts
FNF:0
FNH:0
DA:1,1
DA:2,1
DA:4,1
LF:3
LH:3
BRF:0
BRH:0
end_of_record
TN:
SF:/home/jephillips/kohese-server/kohese-portal/client/mocks/data/MockUser.ts
FNF:0
FNH:0
DA:1,1
LF:1
LH:1
BRF:0
BRH:0
end_of_record
TN:
SF:/home/jephillips/kohese-server/kohese-portal/client/mocks/data/MockViewData.ts
FNF:0
FNH:0
DA:1,1
LF:1
LH:1
BRF:0
BRH:0
end_of_record
TN:
SF:/home/jephillips/kohese-server/kohese-portal/client/mocks/services/MockAuthenticationService.ts
FN:1,(anonymous_0)
FN:2,MockAuthenticationService
FN:6,(anonymous_2)
FN:7,(anonymous_3)
FNF:4
FNH:2
FNDA:1,(anonymous_0)
FNDA:1,MockAuthenticationService
FNDA:0,(anonymous_2)
FNDA:0,(anonymous_3)
DA:1,1
DA:6,1
DA:7,0
DA:9,1
LF:4
LH:3
BRF:0
BRH:0
end_of_record
TN:
SF:/home/jephillips/kohese-server/kohese-portal/client/mocks/services/MockDialogService.ts
FN:1,(anonymous_0)
FN:2,MockDialogService
FN:6,(anonymous_2)
FNF:3
FNH:2
FNDA:1,(anonymous_0)
FNDA:1,MockDialogService
FNDA:0,(anonymous_2)
DA:1,1
DA:6,1
DA:9,1
LF:3
LH:3
BRF:0
BRH:0
end_of_record
TN:
SF:/home/jephillips/kohese-server/kohese-portal/client/mocks/services/MockDynamicTypesService.ts
FN:8,(anonymous_0)
FN:10,MockDynamicTypesService
FN:13,(anonymous_2)
FN:19,(anonymous_3)
FN:23,(anonymous_4)
FN:27,(anonymous_5)
FN:31,(anonymous_6)
FN:35,(anonymous_7)
FNF:8
FNH:5
FNDA:1,(anonymous_0)
FNDA:13,MockDynamicTypesService
FNDA:10,(anonymous_2)
FNDA:0,(anonymous_3)
FNDA:0,(anonymous_4)
FNDA:0,(anonymous_5)
FNDA:1,(anonymous_6)
FNDA:4,(anonymous_7)
DA:1,1
DA:2,1
DA:6,1
DA:8,1
DA:9,13
DA:13,1
DA:14,10
DA:19,1
DA:23,1
DA:24,0
DA:27,1
DA:31,1
DA:32,1
DA:35,1
DA:36,4
DA:40,1
LF:16
LH:15
BRF:0
BRH:0
end_of_record
TN:
SF:/home/jephillips/kohese-server/kohese-portal/client/mocks/services/MockItemRepository.ts
FN:6,(anonymous_0)
FN:9,MockItemRepository
FN:17,(anonymous_2)
FN:20,(anonymous_3)
FN:24,(anonymous_4)
FN:28,(anonymous_5)
FN:32,(anonymous_6)
FN:40,(anonymous_7)
FN:44,(anonymous_8)
FN:48,(anonymous_9)
FNF:10
FNH:8
FNDA:1,(anonymous_0)
FNDA:32,MockItemRepository
FNDA:0,(anonymous_2)
FNDA:26,(anonymous_3)
FNDA:11,(anonymous_4)
FNDA:3,(anonymous_5)
FNDA:8,(anonymous_6)
FNDA:0,(anonymous_7)
FNDA:1,(anonymous_8)
FNDA:1,(anonymous_9)
DA:1,1
DA:2,1
DA:3,1
DA:4,1
DA:6,1
DA:7,32
DA:10,32
DA:17,32
DA:20,1
DA:21,26
DA:24,1
DA:25,11
DA:28,1
DA:29,3
DA:32,1
DA:33,8
DA:40,1
DA:44,1
DA:48,1
DA:51,1
LF:20
LH:20
BRF:0
BRH:0
end_of_record
TN:
SF:/home/jephillips/kohese-server/kohese-portal/client/mocks/services/MockNavigationService.ts
FN:1,(anonymous_0)
FNF:1
FNH:1
FNDA:26,(anonymous_0)
DA:1,1
DA:3,1
LF:2
LH:2
BRF:0
BRH:0
end_of_record
TN:
SF:/home/jephillips/kohese-server/kohese-portal/client/mocks/services/MockSessionService.ts
FN:5,(anonymous_0)
FN:6,(anonymous_2)
FN:10,(anonymous_3)
FNF:3
FNH:3
FNDA:19,(anonymous_0)
FNDA:14,(anonymous_2)
FNDA:22,(anonymous_3)
DA:1,1
DA:2,1
DA:3,1
DA:5,1
DA:6,1
DA:7,14
DA:10,1
DA:11,22
DA:13,1
LF:9
LH:9
BRF:0
BRH:0
end_of_record
TN:
SF:/home/jephillips/kohese-server/kohese-portal/client/src/app.component.ts
FN:9,(anonymous_2)
FN:10,AppComponent
FNF:2
FNH:2
FNDA:1,(anonymous_2)
FNDA:1,AppComponent
DA:1,1
DA:2,1
DA:9,1
DA:10,1
DA:12,1
LF:5
LH:5
BRF:0
BRH:0
end_of_record
TN:
SF:/home/jephillips/kohese-server/kohese-portal/client/src/material.module.ts
FN:105,(anonymous_1)
FNF:1
FNH:1
FNDA:40,(anonymous_1)
DA:1,1
DA:3,1
DA:105,1
LF:3
LH:3
BRF:0
BRH:0
end_of_record
TN:
SF:/home/jephillips/kohese-server/kohese-portal/client/src/classes/NavigationComponent.class.ts
FN:6,(anonymous_2)
FN:7,NavigatableComponent
FN:10,(anonymous_4)
FNF:3
FNH:2
FNDA:1,(anonymous_2)
FNDA:20,NavigatableComponent
FNDA:0,(anonymous_4)
DA:1,1
DA:3,1
DA:6,1
DA:7,20
DA:10,1
DA:11,0
DA:13,1
LF:7
LH:6
BRF:0
BRH:0
end_of_record
TN:
SF:/home/jephillips/kohese-server/kohese-portal/client/src/classes/UDT/KoheseType.class.ts
FN:4,(anonymous_0)
FN:20,KoheseType
FN:29,(anonymous_2)
FN:42,(anonymous_3)
FN:50,(anonymous_4)
FN:64,(anonymous_5)
FN:75,(anonymous_6)
FN:89,(anonymous_7)
FN:97,(anonymous_8)
FNF:9
FNH:1
FNDA:1,(anonymous_0)
FNDA:0,KoheseType
FNDA:0,(anonymous_2)
FNDA:0,(anonymous_3)
FNDA:0,(anonymous_4)
FNDA:0,(anonymous_5)
FNDA:0,(anonymous_6)
FNDA:0,(anonymous_7)
FNDA:0,(anonymous_8)
DA:4,1
DA:14,0
DA:21,0
DA:22,0
DA:23,0
DA:24,0
DA:25,0
DA:29,1
DA:30,0
DA:31,0
DA:32,0
DA:33,0
DA:34,0
DA:35,0
DA:36,0
DA:37,0
DA:38,0
DA:39,0
DA:42,1
DA:43,0
DA:44,0
DA:45,0
DA:50,1
DA:51,0
DA:52,0
DA:53,0
DA:54,0
DA:55,0
DA:56,0
DA:57,0
DA:58,0
DA:59,0
DA:60,0
DA:61,0
DA:64,1
DA:65,0
DA:66,0
DA:67,0
DA:68,0
DA:70,0
DA:72,0
DA:75,1
DA:76,0
DA:77,0
DA:78,0
DA:79,0
DA:81,0
DA:86,0
DA:89,1
DA:90,0
DA:91,0
DA:93,0
DA:94,0
DA:97,1
DA:98,0
DA:100,1
LF:56
LH:9
BRDA:24,0,0,0
BRDA:24,0,1,0
BRDA:90,1,0,0
BRDA:90,1,1,0
BRF:4
BRH:0
end_of_record
TN:
SF:/home/jephillips/kohese-server/kohese-portal/client/src/components/create-wizard/create-wizard.component.ts
FN:22,(anonymous_9)
FN:44,CreateWizardComponent
FN:53,(anonymous_11)
FN:55,(anonymous_12)
FN:64,(anonymous_13)
FN:65,(anonymous_14)
FN:78,(anonymous_15)
FN:87,(anonymous_16)
FN:92,(anonymous_17)
FN:96,(anonymous_18)
FN:98,(anonymous_19)
FN:101,(anonymous_20)
FN:110,(anonymous_21)
FNF:13
FNH:12
FNDA:1,(anonymous_9)
FNDA:8,CreateWizardComponent
FNDA:8,(anonymous_11)
FNDA:8,(anonymous_12)
FNDA:9,(anonymous_13)
FNDA:45,(anonymous_14)
FNDA:3,(anonymous_15)
FNDA:1,(anonymous_16)
FNDA:0,(anonymous_17)
FNDA:2,(anonymous_18)
FNDA:1,(anonymous_19)
FNDA:1,(anonymous_20)
FNDA:8,(anonymous_21)
DA:1,1
DA:3,1
DA:4,1
DA:5,1
DA:7,1
DA:8,1
DA:10,1
DA:11,1
DA:14,1
DA:22,1
DA:26,1
DA:28,8
DA:44,8
DA:45,8
DA:46,8
DA:47,8
DA:48,8
DA:49,8
DA:50,8
DA:53,8
DA:54,8
DA:56,8
DA:57,8
DA:58,8
DA:59,8
DA:60,8
DA:63,8
DA:65,9
DA:66,45
DA:70,8
DA:71,8
DA:72,8
DA:73,8
DA:78,1
DA:79,3
DA:80,1
DA:81,1
DA:83,2
DA:87,1
DA:88,1
DA:89,1
DA:92,1
DA:93,0
DA:96,2
DA:97,2
DA:99,1
DA:100,1
DA:103,1
DA:104,1
DA:105,1
DA:110,1
DA:111,8
DA:113,1
LF:53
LH:52
BRDA:49,0,0,8
BRDA:49,0,1,8
BRDA:56,1,0,8
BRDA:56,1,1,0
BRDA:79,2,0,1
BRDA:79,2,1,2
BRDA:26,3,0,0
BRDA:26,3,1,1
BRDA:26,4,0,0
BRF:9
BRH:6
end_of_record
TN:
SF:/home/jephillips/kohese-server/kohese-portal/client/src/components/dashboard/dashboard.component.ts
FN:14,(anonymous_7)
FN:38,DashboardComponent
FN:44,(anonymous_9)
FN:45,(anonymous_10)
FN:70,(anonymous_11)
FN:77,(anonymous_12)
FNF:6
FNH:6
FNDA:1,(anonymous_7)
FNDA:1,DashboardComponent
FNDA:1,(anonymous_9)
FNDA:1,(anonymous_10)
FNDA:1,(anonymous_11)
FNDA:10,(anonymous_12)
DA:1,1
DA:2,1
DA:4,1
DA:5,1
DA:6,1
DA:14,1
DA:38,1
DA:39,1
DA:40,1
DA:41,1
DA:44,1
DA:45,1
DA:46,1
DA:47,1
DA:50,1
DA:51,1
DA:52,1
DA:53,1
DA:54,1
DA:55,1
DA:56,1
DA:57,1
DA:58,1
DA:59,1
DA:60,1
DA:61,1
DA:62,1
DA:63,1
DA:64,1
DA:65,1
DA:66,1
DA:67,1
DA:68,1
DA:69,1
DA:70,1
DA:71,1
DA:72,1
DA:77,1
DA:78,10
DA:85,1
LF:40
LH:40
BRDA:41,0,0,1
BRDA:41,0,1,1
BRDA:46,1,0,1
BRDA:46,1,1,0
BRDA:71,2,0,1
BRDA:71,2,1,0
BRF:6
BRH:4
end_of_record
TN:
SF:/home/jephillips/kohese-server/kohese-portal/client/src/components/details/details.component.ts
FN:22,(anonymous_7)
FN:60,DetailsComponent
FN:162,(anonymous_9)
FN:67,(anonymous_10)
FN:74,(anonymous_11)
FN:77,(anonymous_12)
FN:104,(anonymous_13)
FN:112,(anonymous_14)
FN:120,(anonymous_15)
FN:124,(anonymous_16)
FN:149,(anonymous_17)
FN:154,(anonymous_18)
FN:158,(anonymous_19)
FN:166,(anonymous_20)
FN:171,(anonymous_21)
FN:176,(anonymous_22)
FN:180,(anonymous_23)
FN:183,(anonymous_24)
FN:189,(anonymous_25)
FN:191,(anonymous_26)
FNF:20
FNH:7
FNDA:1,(anonymous_7)
FNDA:1,DetailsComponent
FNDA:0,(anonymous_9)
FNDA:1,(anonymous_10)
FNDA:1,(anonymous_11)
FNDA:1,(anonymous_12)
FNDA:1,(anonymous_13)
FNDA:1,(anonymous_14)
FNDA:0,(anonymous_15)
FNDA:0,(anonymous_16)
FNDA:0,(anonymous_17)
FNDA:0,(anonymous_18)
FNDA:0,(anonymous_19)
FNDA:0,(anonymous_20)
FNDA:0,(anonymous_21)
FNDA:0,(anonymous_22)
FNDA:0,(anonymous_23)
FNDA:0,(anonymous_24)
FNDA:0,(anonymous_25)
FNDA:0,(anonymous_26)
DA:1,1
DA:2,1
DA:5,1
DA:6,1
DA:7,1
DA:10,1
DA:12,1
DA:15,1
DA:22,1
DA:60,1
DA:61,1
DA:62,1
DA:63,1
DA:64,1
DA:67,1
DA:68,1
DA:69,1
DA:70,1
DA:71,1
DA:74,1
DA:75,1
DA:76,1
DA:78,1
DA:79,1
DA:80,1
DA:83,1
DA:84,1
DA:85,1
DA:86,1
DA:87,1
DA:88,1
DA:89,1
DA:90,0
DA:91,0
DA:100,1
DA:101,1
DA:104,1
DA:105,1
DA:106,1
DA:107,1
DA:112,1
DA:113,1
DA:114,1
DA:116,0
DA:120,1
DA:121,0
DA:124,1
DA:127,0
DA:128,0
DA:129,0
DA:131,0
DA:132,0
DA:134,0
DA:135,0
DA:136,0
DA:138,0
DA:139,0
DA:140,0
DA:142,0
DA:143,0
DA:144,0
DA:149,1
DA:150,0
DA:151,0
DA:154,1
DA:155,0
DA:158,1
DA:159,0
DA:162,1
DA:163,0
DA:166,1
DA:167,0
DA:168,0
DA:170,0
DA:172,0
DA:176,1
DA:177,0
DA:180,1
DA:181,0
DA:182,0
DA:189,1
DA:190,0
DA:196,1
LF:83
LH:52
BRDA:64,0,0,1
BRDA:64,0,1,1
BRDA:78,1,0,1
BRDA:78,1,1,0
BRDA:80,2,0,0
BRDA:80,2,1,1
BRDA:89,3,0,0
BRDA:89,3,1,1
BRDA:113,4,0,1
BRDA:113,4,1,0
BRDA:113,5,0,1
BRDA:113,5,1,1
BRDA:127,6,0,0
BRDA:127,6,1,0
BRDA:128,7,0,0
BRDA:128,7,1,0
BRDA:131,8,0,0
BRDA:131,8,1,0
BRDA:134,9,0,0
BRDA:134,9,1,0
BRDA:135,10,0,0
BRDA:135,10,1,0
BRDA:138,11,0,0
BRDA:138,11,1,0
BRDA:139,12,0,0
BRDA:139,12,1,0
BRDA:142,13,0,0
BRDA:142,13,1,0
BRDA:143,14,0,0
BRDA:143,14,1,0
BRDA:181,15,0,0
BRDA:181,15,1,0
BRF:32
BRH:8
end_of_record
TN:
SF:/home/jephillips/kohese-server/kohese-portal/client/src/components/details/children-tab/children-tab.component.ts
FN:17,(anonymous_7)
FN:41,ChildrenTabComponent
FN:47,(anonymous_9)
FN:50,(anonymous_10)
FN:59,(anonymous_11)
FN:63,(anonymous_12)
FN:66,(anonymous_13)
FN:71,(anonymous_14)
FN:76,(anonymous_15)
FN:86,(anonymous_16)
FNF:10
FNH:5
FNDA:1,(anonymous_7)
FNDA:1,ChildrenTabComponent
FNDA:1,(anonymous_9)
FNDA:1,(anonymous_10)
FNDA:0,(anonymous_11)
FNDA:1,(anonymous_12)
FNDA:0,(anonymous_13)
FNDA:0,(anonymous_14)
FNDA:0,(anonymous_15)
FNDA:0,(anonymous_16)
DA:1,1
DA:3,1
DA:4,1
DA:6,1
DA:7,1
DA:8,1
DA:10,1
DA:11,1
DA:17,1
DA:27,1
DA:41,1
DA:42,1
DA:43,1
DA:44,1
DA:47,1
DA:48,1
DA:49,1
DA:51,1
DA:52,1
DA:55,1
DA:56,1
DA:59,1
DA:60,0
DA:63,1
DA:66,1
DA:67,0
DA:68,0
DA:71,1
DA:72,0
DA:73,0
DA:76,1
DA:77,0
DA:83,0
DA:86,0
DA:87,0
DA:88,0
DA:91,1
LF:37
LH:27
BRDA:44,0,0,1
BRDA:44,0,1,1
BRDA:51,1,0,1
BRDA:51,1,1,0
BRDA:27,2,0,0
BRDA:27,2,1,1
BRDA:27,3,0,0
BRF:7
BRH:4
end_of_record
TN:
SF:/home/jephillips/kohese-server/kohese-portal/client/src/components/details/children-tab/children-table/children-table.component.ts
FN:17,(anonymous_7)
FN:35,ChildrenTableComponent
FN:40,(anonymous_9)
FN:44,(anonymous_10)
FN:50,(anonymous_11)
FN:54,(anonymous_12)
FN:58,(anonymous_13)
FNF:7
FNH:5
FNDA:1,(anonymous_7)
FNDA:1,ChildrenTableComponent
FNDA:1,(anonymous_9)
FNDA:1,(anonymous_10)
FNDA:1,(anonymous_11)
FNDA:0,(anonymous_12)
FNDA:0,(anonymous_13)
DA:1,1
DA:3,1
DA:4,1
DA:6,1
DA:10,1
DA:11,1
DA:17,1
DA:20,1
DA:22,1
DA:35,1
DA:36,1
DA:37,1
DA:40,1
DA:41,1
DA:42,1
DA:43,1
DA:44,1
DA:45,1
DA:46,1
DA:50,1
DA:51,1
DA:54,1
DA:55,0
DA:58,1
DA:59,0
DA:60,0
DA:61,0
DA:64,1
LF:28
LH:24
BRDA:36,0,0,1
BRDA:36,0,1,1
BRDA:59,1,0,0
BRDA:59,1,1,0
BRDA:60,2,0,0
BRDA:60,2,1,0
BRDA:20,3,0,0
BRDA:20,3,1,1
BRDA:20,4,0,0
BRF:9
BRH:3
end_of_record
TN:
SF:/home/jephillips/kohese-server/kohese-portal/client/src/components/details/children-tab/proxy-selector-tree/proxy-selector-tree.component.ts
FN:16,(anonymous_7)
FN:22,ProxySelectorTreeComponent
FN:26,(anonymous_9)
FN:30,(anonymous_10)
FN:34,(anonymous_11)
FNF:5
FNH:4
FNDA:1,(anonymous_7)
FNDA:1,ProxySelectorTreeComponent
FNDA:1,(anonymous_9)
FNDA:1,(anonymous_10)
FNDA:0,(anonymous_11)
DA:1,1
DA:3,1
DA:4,1
DA:6,1
DA:16,1
DA:19,1
DA:22,1
DA:23,1
DA:26,1
DA:27,1
DA:30,1
DA:34,1
DA:35,0
DA:36,0
DA:38,1
LF:15
LH:13
BRDA:23,0,0,1
BRDA:23,0,1,1
BRDA:35,1,0,0
BRDA:35,1,1,0
BRDA:19,2,0,1
BRDA:19,2,1,0
BRDA:19,3,0,1
BRF:7
BRH:4
end_of_record
TN:
SF:/home/jephillips/kohese-server/kohese-portal/client/src/components/details/details-form/details-form.component.ts
FN:21,(anonymous_7)
FN:46,DetailsFormComponent
FN:54,(anonymous_9)
FN:56,(anonymous_10)
FN:62,(anonymous_11)
FN:80,(anonymous_12)
FN:84,(anonymous_13)
FN:119,(anonymous_14)
FN:137,(anonymous_15)
FN:173,(anonymous_16)
FN:182,(anonymous_17)
FN:186,(anonymous_18)
FNF:12
FNH:9
FNDA:1,(anonymous_7)
FNDA:3,DetailsFormComponent
FNDA:2,(anonymous_9)
FNDA:0,(anonymous_10)
FNDA:2,(anonymous_11)
FNDA:3,(anonymous_12)
FNDA:0,(anonymous_13)
FNDA:1,(anonymous_14)
FNDA:3,(anonymous_15)
FNDA:3,(anonymous_16)
FNDA:0,(anonymous_17)
FNDA:3,(anonymous_18)
DA:1,1
DA:3,1
DA:6,1
DA:7,1
DA:9,1
DA:10,1
DA:11,1
DA:12,1
DA:21,1
DA:25,1
DA:27,1
DA:29,1
DA:31,1
DA:33,1
DA:35,4
DA:37,3
DA:46,3
DA:47,3
DA:48,3
DA:49,3
DA:50,3
DA:51,3
DA:54,2
DA:55,2
DA:56,2
DA:57,0
DA:61,2
DA:63,2
DA:64,2
DA:65,1
DA:66,1
DA:67,1
DA:69,2
DA:70,2
DA:71,2
DA:72,2
DA:77,2
DA:80,1
DA:81,3
DA:84,1
DA:85,0
DA:86,0
DA:88,0
DA:89,0
DA:90,0
DA:91,0
DA:92,0
DA:93,0
DA:94,0
DA:95,0
DA:98,0
DA:99,0
DA:102,0
DA:103,0
DA:104,0
DA:107,0
DA:108,0
DA:109,0
DA:110,0
DA:112,0
DA:119,1
DA:121,1
DA:123,1
DA:130,1
DA:131,1
DA:132,1
DA:133,1
DA:137,1
DA:138,3
DA:140,3
DA:141,3
DA:142,0
DA:143,0
DA:146,3
DA:147,3
DA:149,3
DA:151,3
DA:152,3
DA:153,3
DA:154,0
DA:155,0
DA:156,0
DA:158,0
DA:159,0
DA:160,0
DA:161,0
DA:162,0
DA:163,0
DA:166,0
DA:169,3
DA:170,3
DA:173,1
DA:174,3
DA:176,3
DA:177,1
DA:179,3
DA:182,1
DA:183,0
DA:186,1
DA:187,3
DA:188,3
DA:189,0
DA:190,0
DA:192,0
DA:193,0
DA:195,0
DA:198,3
DA:200,1
LF:108
LH:69
BRDA:50,0,0,3
BRDA:50,0,1,3
BRDA:55,1,0,2
BRDA:55,1,1,0
BRDA:63,2,0,2
BRDA:63,2,1,0
BRDA:64,3,0,1
BRDA:64,3,1,1
BRDA:66,4,0,1
BRDA:66,4,1,0
BRDA:69,5,0,2
BRDA:69,5,1,0
BRDA:85,6,0,0
BRDA:85,6,1,0
BRDA:88,7,0,0
BRDA:88,7,1,0
BRDA:98,8,0,0
BRDA:98,8,1,0
BRDA:102,9,0,0
BRDA:102,9,1,0
BRDA:107,10,0,0
BRDA:107,10,1,0
BRDA:108,11,0,0
BRDA:108,11,1,0
BRDA:109,12,0,0
BRDA:109,12,1,0
BRDA:121,13,0,1
BRDA:121,13,1,0
BRDA:121,14,0,1
BRDA:121,14,1,0
BRDA:121,14,2,1
BRDA:142,15,0,0
BRDA:142,15,1,0
BRDA:151,16,0,3
BRDA:151,16,1,0
BRDA:158,17,0,0
BRDA:158,17,1,0
BRDA:176,18,0,1
BRDA:176,18,1,2
BRDA:191,19,0,0
BRDA:191,19,1,0
BRDA:192,20,0,0
BRDA:192,20,1,0
BRDA:192,21,0,0
BRDA:192,21,1,0
BRDA:27,22,0,0
BRDA:27,22,1,1
BRDA:27,23,0,0
BRF:48
BRH:15
end_of_record
TN:
SF:/home/jephillips/kohese-server/kohese-portal/client/src/components/details/history-tab/history-tab.component.ts
FN:11,(anonymous_7)
FN:16,HistoryTabComponent
FN:20,(anonymous_9)
FN:24,(anonymous_10)
FNF:4
FNH:4
FNDA:1,(anonymous_7)
FNDA:1,HistoryTabComponent
FNDA:1,(anonymous_9)
FNDA:1,(anonymous_10)
DA:1,1
DA:3,1
DA:4,1
DA:6,1
DA:11,1
DA:14,1
DA:16,1
DA:17,1
DA:20,1
DA:21,1
DA:24,1
DA:26,1
LF:12
LH:12
BRDA:17,0,0,1
BRDA:17,0,1,1
BRDA:14,1,0,0
BRDA:14,1,1,1
BRDA:14,2,0,0
BRF:5
BRH:3
end_of_record
TN:
SF:/home/jephillips/kohese-server/kohese-portal/client/src/components/details/journal/journal.component.ts
FN:12,(anonymous_2)
FN:40,JournalComponent
FN:44,(anonymous_4)
FN:55,(anonymous_5)
FN:68,(anonymous_6)
FN:72,(anonymous_7)
FN:79,(anonymous_8)
FN:87,(anonymous_9)
FN:97,(anonymous_10)
FN:128,(anonymous_11)
FN:134,(anonymous_12)
FN:172,(anonymous_13)
FN:198,(anonymous_14)
FN:210,(anonymous_15)
FN:211,(anonymous_16)
FNF:15
FNH:12
FNDA:1,(anonymous_2)
FNDA:13,JournalComponent
FNDA:13,(anonymous_4)
FNDA:13,(anonymous_5)
FNDA:13,(anonymous_6)
FNDA:1,(anonymous_7)
FNDA:13,(anonymous_8)
FNDA:13,(anonymous_9)
FNDA:0,(anonymous_10)
FNDA:0,(anonymous_11)
FNDA:13,(anonymous_12)
FNDA:0,(anonymous_13)
FNDA:13,(anonymous_14)
FNDA:26,(anonymous_15)
FNDA:26,(anonymous_16)
DA:1,1
DA:3,1
DA:4,1
DA:5,1
DA:12,1
DA:14,1
DA:15,13
DA:16,13
DA:17,13
DA:18,13
DA:19,13
DA:20,13
DA:30,13
DA:35,13
DA:36,13
DA:40,13
DA:41,13
DA:44,13
DA:45,13
DA:46,13
DA:49,13
DA:54,13
DA:56,13
DA:57,13
DA:58,13
DA:63,13
DA:65,13
DA:68,1
DA:69,13
DA:72,1
DA:73,1
DA:74,0
DA:75,0
DA:79,1
DA:80,13
DA:81,13
DA:82,13
DA:83,13
DA:84,13
DA:87,1
DA:88,13
DA:89,0
DA:90,0
DA:91,0
DA:92,0
DA:97,1
DA:98,0
DA:100,0
DA:102,0
DA:103,0
DA:104,0
DA:105,0
DA:106,0
DA:109,0
DA:110,0
DA:112,0
DA:121,0
DA:122,0
DA:123,0
DA:125,0
DA:127,0
DA:129,0
DA:130,0
DA:134,1
DA:135,13
DA:136,13
DA:137,13
DA:138,13
DA:139,13
DA:140,13
DA:141,13
DA:142,13
DA:143,13
DA:145,13
DA:146,13
DA:147,0
DA:148,0
DA:149,0
DA:150,0
DA:151,0
DA:154,0
DA:155,0
DA:156,0
DA:160,13
DA:161,0
DA:162,0
DA:163,0
DA:166,13
DA:167,0
DA:172,13
DA:173,0
DA:174,0
DA:175,0
DA:178,0
DA:179,0
DA:181,0
DA:182,0
DA:183,0
DA:184,0
DA:185,0
DA:189,0
DA:194,0
DA:198,1
DA:199,13
DA:200,13
DA:201,13
DA:202,0
DA:203,0
DA:205,0
DA:210,1
DA:211,26
DA:212,26
DA:215,1
LF:113
LH:63
BRDA:47,0,0,13
BRDA:47,0,1,0
BRDA:48,1,0,0
BRDA:48,1,1,13
BRDA:49,2,0,0
BRDA:49,2,1,13
BRDA:50,3,0,0
BRDA:50,3,1,13
BRDA:52,4,0,0
BRDA:52,4,1,13
BRDA:56,5,0,13
BRDA:56,5,1,0
BRDA:73,6,0,0
BRDA:73,6,1,1
BRDA:90,7,0,0
BRDA:90,7,1,0
BRDA:90,8,0,0
BRDA:90,8,1,0
BRDA:105,9,0,0
BRDA:105,9,1,0
BRDA:121,10,0,0
BRDA:121,10,1,0
BRDA:146,11,0,0
BRDA:146,11,1,13
BRDA:148,12,0,0
BRDA:148,12,1,0
BRDA:150,13,0,0
BRDA:150,13,1,0
BRDA:155,14,0,0
BRDA:155,14,1,0
BRDA:160,15,0,0
BRDA:160,15,1,13
BRDA:162,16,0,0
BRDA:162,16,1,0
BRDA:166,17,0,0
BRDA:166,17,1,13
BRDA:174,18,0,0
BRDA:174,18,1,0
BRDA:176,19,0,0
BRDA:176,19,1,0
BRDA:177,20,0,0
BRDA:177,20,1,0
BRDA:178,21,0,0
BRDA:178,21,1,0
BRDA:181,22,0,0
BRDA:181,22,1,0
BRDA:182,23,0,0
BRDA:182,23,1,0
BRDA:183,24,0,0
BRDA:183,24,1,0
BRDA:184,25,0,0
BRDA:184,25,1,0
BRDA:190,26,0,0
BRDA:190,26,1,0
BRDA:191,27,0,0
BRDA:191,27,1,0
BRDA:203,28,0,0
BRDA:203,28,1,0
BRDA:203,29,0,0
BRDA:203,29,1,0
BRDA:14,30,0,0
BRDA:14,30,1,1
BRDA:14,31,0,0
BRF:63
BRH:11
end_of_record
TN:
SF:/home/jephillips/kohese-server/kohese-portal/client/src/components/details/journal/journal-entry/journal-entry.component.ts
FN:12,(anonymous_2)
FN:23,JournalEntryComponent
FN:28,(anonymous_4)
FN:33,(anonymous_5)
FN:45,(anonymous_6)
FN:51,(anonymous_7)
FN:53,(anonymous_8)
FN:58,(anonymous_9)
FNF:8
FNH:3
FNDA:1,(anonymous_2)
FNDA:4,JournalEntryComponent
FNDA:4,(anonymous_4)
FNDA:0,(anonymous_5)
FNDA:0,(anonymous_6)
FNDA:0,(anonymous_7)
FNDA:0,(anonymous_8)
FNDA:0,(anonymous_9)
DA:1,1
DA:3,1
DA:4,1
DA:5,1
DA:6,1
DA:12,1
DA:14,1
DA:16,4
DA:18,4
DA:19,4
DA:20,4
DA:23,4
DA:24,4
DA:25,4
DA:28,1
DA:29,4
DA:30,4
DA:33,1
DA:34,0
DA:35,0
DA:36,0
DA:39,0
DA:40,0
DA:45,1
DA:46,0
DA:48,0
DA:51,1
DA:52,0
DA:53,0
DA:54,0
DA:58,1
DA:59,0
DA:60,0
DA:62,1
LF:34
LH:22
BRDA:34,0,0,0
BRDA:34,0,1,0
BRDA:35,1,0,0
BRDA:35,1,1,0
BRDA:39,2,0,0
BRDA:39,2,1,0
BRDA:47,3,0,0
BRDA:47,3,1,0
BRDA:14,4,0,0
BRDA:14,4,1,1
BRDA:14,5,0,0
BRF:11
BRH:1
end_of_record
TN:
SF:/home/jephillips/kohese-server/kohese-portal/client/src/components/document-view/document-view.component.ts
FN:19,(anonymous_7)
FN:53,DocumentViewComponent
FN:60,(anonymous_9)
FN:63,(anonymous_10)
FN:68,(anonymous_11)
FN:79,(anonymous_12)
FN:86,(anonymous_13)
FN:96,(anonymous_14)
FN:103,(anonymous_15)
FNF:9
FNH:8
FNDA:1,(anonymous_7)
FNDA:1,DocumentViewComponent
FNDA:1,(anonymous_9)
FNDA:1,(anonymous_10)
FNDA:1,(anonymous_11)
FNDA:1,(anonymous_12)
FNDA:1,(anonymous_13)
FNDA:0,(anonymous_14)
FNDA:1,(anonymous_15)
DA:1,1
DA:4,1
DA:5,1
DA:7,1
DA:9,1
DA:10,1
DA:19,1
DA:26,1
DA:42,1
DA:44,1
DA:54,1
DA:55,1
DA:56,1
DA:57,1
DA:60,1
DA:61,1
DA:62,1
DA:63,1
DA:64,1
DA:65,1
DA:68,1
DA:69,1
DA:70,1
DA:71,1
DA:72,1
DA:73,1
DA:76,1
DA:79,1
DA:80,1
DA:81,1
DA:83,1
DA:86,1
DA:87,1
DA:88,1
DA:89,1
DA:90,0
DA:91,0
DA:92,0
DA:96,1
DA:97,0
DA:98,0
DA:99,0
DA:103,1
DA:104,1
DA:106,1
DA:107,1
DA:109,1
DA:110,0
DA:111,0
DA:112,0
DA:113,0
DA:115,0
DA:118,1
DA:119,1
DA:120,0
DA:121,0
DA:122,0
DA:124,1
DA:125,1
DA:126,1
DA:130,1
LF:61
LH:47
BRDA:54,0,0,1
BRDA:54,0,1,1
BRDA:62,1,0,1
BRDA:62,1,1,0
BRDA:80,2,0,1
BRDA:80,2,1,0
BRDA:87,3,0,1
BRDA:87,3,1,0
BRDA:90,4,0,0
BRDA:90,4,1,0
BRDA:97,5,0,0
BRDA:97,5,1,0
BRDA:98,6,0,0
BRDA:98,6,1,0
BRDA:109,7,0,0
BRDA:109,7,1,1
BRDA:119,8,0,0
BRDA:119,8,1,1
BRDA:26,9,0,0
BRDA:26,9,1,1
BRDA:26,10,0,0
BRF:21
BRH:8
end_of_record
TN:
SF:/home/jephillips/kohese-server/kohese-portal/client/src/components/explore/explore.component.ts
FN:12,(anonymous_7)
FN:16,ExploreComponent
FN:21,(anonymous_9)
FN:22,(anonymous_10)
FN:32,(anonymous_11)
FNF:5
FNH:5
FNDA:1,(anonymous_7)
FNDA:2,ExploreComponent
FNDA:2,(anonymous_9)
FNDA:2,(anonymous_10)
FNDA:2,(anonymous_11)
DA:1,1
DA:3,1
DA:4,1
DA:5,1
DA:12,1
DA:16,2
DA:17,2
DA:18,2
DA:21,2
DA:22,2
DA:23,2
DA:24,2
DA:25,2
DA:27,0
DA:32,1
DA:34,1
LF:16
LH:15
BRDA:18,0,0,2
BRDA:18,0,1,2
BRDA:24,1,0,2
BRDA:24,1,1,0
BRF:4
BRH:3
end_of_record
TN:
SF:/home/jephillips/kohese-server/kohese-portal/client/src/components/login/login.component.ts
FN:10,(anonymous_2)
FN:15,LoginComponent
FN:19,(anonymous_4)
FN:22,(anonymous_5)
FN:28,(anonymous_6)
FN:31,(anonymous_7)
FNF:6
FNH:3
FNDA:1,(anonymous_2)
FNDA:1,LoginComponent
FNDA:1,(anonymous_4)
FNDA:0,(anonymous_5)
FNDA:0,(anonymous_6)
FNDA:0,(anonymous_7)
DA:1,1
DA:2,1
DA:3,1
DA:10,1
DA:11,1
DA:12,1
DA:13,1
DA:15,1
DA:16,1
DA:19,1
DA:22,1
DA:23,0
DA:24,0
DA:25,0
DA:29,0
DA:30,0
DA:32,0
DA:35,1
LF:18
LH:12
BRF:0
BRH:0
end_of_record
TN:
SF:/home/jephillips/kohese-server/kohese-portal/client/src/components/type-editor/icon-selector/icon-selector.component.ts
FN:9,(anonymous_4)
FN:12,IconSelectorComponent
FN:16,(anonymous_6)
FNF:3
FNH:2
FNDA:1,(anonymous_4)
FNDA:2,IconSelectorComponent
FNDA:0,(anonymous_6)
DA:1,1
DA:2,1
DA:3,1
DA:9,1
DA:12,2
DA:13,2
DA:16,1
DA:17,0
DA:19,1
LF:9
LH:8
BRF:0
BRH:0
end_of_record
TN:
SF:/home/jephillips/kohese-server/kohese-portal/client/src/constants/LocationMap.data.ts
FNF:0
FNH:0
DA:16,1
LF:1
LH:1
BRF:0
BRH:0
end_of_record
TN:
SF:/home/jephillips/kohese-server/kohese-portal/client/src/pipes/highlight.pipe.ts
FN:7,(anonymous_1)
FN:10,(anonymous_3)
FNF:2
FNH:1
FNDA:2,(anonymous_1)
FNDA:0,(anonymous_3)
DA:1,1
DA:7,1
DA:10,1
DA:11,0
DA:13,1
LF:5
LH:4
BRF:0
BRH:0
end_of_record
TN:
SF:/home/jephillips/kohese-server/kohese-portal/client/src/pipes/map-key.pipe.ts
FN:4,(anonymous_1)
FN:5,(anonymous_3)
FNF:2
FNH:2
FNDA:17,(anonymous_1)
FNDA:31,(anonymous_3)
DA:1,1
DA:4,1
DA:5,62
DA:6,31
DA:8,1
LF:5
LH:5
BRDA:5,0,0,31
BRDA:5,0,1,0
BRF:2
BRH:1
end_of_record
TN:
SF:/home/jephillips/kohese-server/kohese-portal/client/src/pipes/pipes.module.ts
FN:26,(anonymous_1)
FNF:1
FNH:1
FNDA:27,(anonymous_1)
DA:1,1
DA:2,1
DA:4,1
DA:5,1
DA:6,1
DA:7,1
DA:26,1
LF:7
LH:7
BRF:0
BRH:0
end_of_record
TN:
SF:/home/jephillips/kohese-server/kohese-portal/client/src/pipes/sanitizeHtml.pipe.ts
FN:7,(anonymous_2)
FN:8,SanitizeHtmlPipe
FN:10,(anonymous_4)
FNF:3
FNH:2
FNDA:1,(anonymous_2)
FNDA:1,SanitizeHtmlPipe
FNDA:0,(anonymous_4)
DA:1,1
DA:2,1
DA:7,1
DA:8,1
DA:10,1
DA:11,0
DA:13,1
LF:7
LH:6
BRF:0
BRH:0
end_of_record
TN:
SF:/home/jephillips/kohese-server/kohese-portal/client/src/pipes/truncate.pipe.ts
FN:6,(anonymous_1)
FN:7,(anonymous_3)
FNF:2
FNH:2
FNDA:12,(anonymous_1)
FNDA:6,(anonymous_3)
DA:1,1
DA:6,1
DA:7,12
DA:8,6
DA:9,5
DA:10,1
DA:11,0
DA:13,1
DA:15,1
LF:9
LH:8
BRDA:7,0,0,0
BRDA:7,0,1,6
BRDA:7,1,0,6
BRDA:7,1,1,0
BRDA:7,2,0,6
BRDA:7,2,1,0
BRDA:8,3,0,5
BRDA:8,3,1,1
BRDA:8,4,0,6
BRDA:8,4,1,1
BRDA:10,5,0,0
BRDA:10,5,1,1
BRF:12
BRH:8
end_of_record
TN:
SF:/home/jephillips/kohese-server/kohese-portal/client/src/services/services.module.ts
FN:53,(anonymous_1)
FNF:1
FNH:1
FNDA:10,(anonymous_1)
DA:2,1
DA:3,1
DA:4,1
DA:5,1
DA:8,1
DA:11,1
DA:12,1
DA:13,1
DA:14,1
DA:15,1
DA:16,1
DA:17,1
DA:18,1
DA:19,1
DA:20,1
DA:21,1
DA:53,1
LF:17
LH:17
BRF:0
BRH:0
end_of_record
TN:
SF:/home/jephillips/kohese-server/kohese-portal/client/src/services/analysis/analysis.service.ts
FN:10,(anonymous_2)
FN:23,AnalysisService
FN:27,(anonymous_4)
FN:36,(anonymous_5)
FN:37,(anonymous_6)
FN:46,(anonymous_7)
FN:55,(anonymous_8)
FN:58,(anonymous_9)
FN:70,(anonymous_10)
FN:81,(anonymous_11)
FNF:10
FNH:1
FNDA:1,(anonymous_2)
FNDA:0,AnalysisService
FNDA:0,(anonymous_4)
FNDA:0,(anonymous_5)
FNDA:0,(anonymous_6)
FNDA:0,(anonymous_7)
FNDA:0,(anonymous_8)
FNDA:0,(anonymous_9)
FNDA:0,(anonymous_10)
FNDA:0,(anonymous_11)
DA:1,1
DA:5,1
DA:7,1
DA:10,1
DA:13,0
DA:23,0
DA:27,1
DA:28,0
DA:29,0
DA:30,0
DA:33,0
DA:36,1
DA:37,0
DA:40,0
DA:41,0
DA:44,0
DA:45,0
DA:46,0
DA:47,0
DA:52,0
DA:55,1
DA:56,0
DA:58,0
DA:59,0
DA:60,0
DA:62,0
DA:63,0
DA:64,0
DA:67,0
DA:70,1
DA:71,0
DA:72,0
DA:81,1
DA:82,0
DA:83,0
DA:86,0
DA:89,0
DA:90,0
DA:91,0
DA:92,0
DA:93,0
DA:94,0
DA:95,0
DA:96,0
DA:97,0
DA:99,0
DA:103,0
DA:105,0
DA:106,0
DA:107,0
DA:108,0
DA:109,0
DA:110,0
DA:111,0
DA:112,0
DA:114,0
DA:117,0
DA:118,0
DA:120,0
DA:123,0
DA:124,0
DA:125,0
DA:126,0
DA:127,0
DA:128,0
DA:129,0
DA:130,0
DA:132,0
DA:133,0
DA:134,0
DA:135,0
DA:137,0
DA:138,0
DA:139,0
DA:140,0
DA:141,0
DA:142,0
DA:143,0
DA:145,0
DA:149,0
DA:150,0
DA:151,0
DA:152,0
DA:153,0
DA:154,0
DA:156,0
DA:160,0
DA:161,0
DA:162,0
DA:163,0
DA:164,0
DA:165,0
DA:166,0
DA:168,0
DA:172,0
DA:173,0
DA:174,0
DA:175,0
DA:176,0
DA:177,0
DA:179,0
DA:186,0
DA:187,0
DA:189,0
DA:191,0
DA:192,0
DA:193,0
DA:194,0
DA:198,1
LF:109
LH:10
BRDA:29,0,0,0
BRDA:29,0,1,0
BRDA:44,1,0,0
BRDA:44,1,1,0
BRDA:59,2,0,0
BRDA:59,2,1,0
BRDA:82,3,0,0
BRDA:82,3,1,0
BRDA:117,4,0,0
BRDA:117,4,1,0
BRDA:133,5,0,0
BRDA:133,5,1,0
BRDA:134,6,0,0
BRDA:134,6,1,0
BRDA:139,7,0,0
BRDA:139,7,1,0
BRDA:142,8,0,0
BRDA:142,8,1,0
BRDA:162,9,0,0
BRDA:162,9,1,0
BRDA:165,10,0,0
BRDA:165,10,1,0
BRDA:191,11,0,0
BRDA:191,11,1,0
BRDA:193,12,0,0
BRDA:193,12,1,0
BRF:26
BRH:0
end_of_record
TN:
SF:/home/jephillips/kohese-server/kohese-portal/client/src/services/authentication/authentication.service.ts
FN:11,(anonymous_2)
FN:17,AuthenticationService
FN:25,(anonymous_4)
FN:36,(anonymous_5)
FN:46,(anonymous_6)
FN:53,(anonymous_7)
FN:65,(anonymous_8)
FN:71,(anonymous_9)
FNF:8
FNH:1
FNDA:1,(anonymous_2)
FNDA:0,AuthenticationService
FNDA:0,(anonymous_4)
FNDA:0,(anonymous_5)
FNDA:0,(anonymous_6)
FNDA:0,(anonymous_7)
FNDA:0,(anonymous_8)
FNDA:0,(anonymous_9)
DA:1,1
DA:2,1
DA:3,1
DA:4,1
DA:5,1
DA:6,1
DA:7,1
DA:8,1
DA:11,1
DA:12,0
DA:13,0
DA:14,0
DA:15,0
DA:17,0
DA:18,0
DA:19,0
DA:20,0
DA:21,0
DA:22,0
DA:25,0
DA:26,0
DA:27,0
DA:28,0
DA:29,0
DA:30,0
DA:31,0
DA:36,0
DA:37,0
DA:38,0
DA:39,0
DA:46,1
DA:47,0
DA:54,0
DA:55,0
DA:56,0
DA:57,0
DA:58,0
DA:61,0
DA:65,1
DA:66,0
DA:67,0
DA:68,0
DA:69,0
DA:71,1
DA:72,0
DA:74,1
LF:46
LH:13
BRDA:21,0,0,0
BRDA:21,0,1,0
BRDA:21,1,0,0
BRDA:21,1,1,0
BRDA:26,2,0,0
BRDA:26,2,1,0
BRDA:28,3,0,0
BRDA:28,3,1,0
BRDA:30,4,0,0
BRDA:30,4,1,0
BRDA:38,5,0,0
BRDA:38,5,1,0
BRDA:38,6,0,0
BRDA:38,6,1,0
BRF:14
BRH:0
end_of_record
TN:
SF:/home/jephillips/kohese-server/kohese-portal/client/src/services/data/data-processing.service.ts
FN:4,(anonymous_2)
FN:5,DataProcessingService
FN:8,(anonymous_4)
FN:27,(anonymous_5)
FN:30,(anonymous_7)
FNF:5
FNH:1
FNDA:1,(anonymous_2)
FNDA:0,DataProcessingService
FNDA:0,(anonymous_4)
FNDA:0,(anonymous_5)
FNDA:0,(anonymous_7)
DA:1,1
DA:4,1
DA:8,1
DA:9,0
DA:10,0
DA:11,0
DA:12,0
DA:13,0
DA:14,0
DA:15,0
DA:19,0
DA:20,0
DA:24,0
DA:27,1
DA:28,0
DA:29,0
DA:30,0
DA:31,0
DA:32,0
DA:33,0
DA:34,0
DA:35,0
DA:36,0
DA:38,0
DA:39,0
DA:40,0
DA:41,0
DA:42,0
DA:43,0
DA:47,0
DA:48,0
DA:51,0
DA:55,0
DA:57,1
LF:34
LH:5
BRDA:13,0,0,0
BRDA:13,0,1,0
BRDA:19,1,0,0
BRDA:19,1,1,0
BRDA:34,2,0,0
BRDA:34,2,1,0
BRDA:36,3,0,0
BRDA:36,3,1,0
BRDA:36,4,0,0
BRDA:36,4,1,0
BRDA:40,5,0,0
BRDA:40,5,1,0
BRDA:42,6,0,0
BRDA:42,6,1,0
BRDA:47,7,0,0
BRDA:47,7,1,0
BRF:16
BRH:0
end_of_record
TN:
SF:/home/jephillips/kohese-server/kohese-portal/client/src/services/dialog/dialog.service.ts
FN:7,(anonymous_4)
FN:15,DialogService
FN:18,(anonymous_6)
FN:22,(anonymous_7)
FN:26,(anonymous_8)
FN:30,(anonymous_9)
FN:40,(anonymous_10)
FN:51,(anonymous_11)
FN:61,(anonymous_12)
FN:62,DialogComponent
FNF:10
FNH:2
FNDA:1,(anonymous_4)
FNDA:0,DialogService
FNDA:0,(anonymous_6)
FNDA:0,(anonymous_7)
FNDA:0,(anonymous_8)
FNDA:0,(anonymous_9)
FNDA:0,(anonymous_10)
FNDA:0,(anonymous_11)
FNDA:1,(anonymous_12)
FNDA:0,DialogComponent
DA:1,1
DA:3,1
DA:7,1
DA:8,0
DA:15,0
DA:18,1
DA:19,0
DA:22,1
DA:23,0
DA:26,1
DA:27,0
DA:30,1
DA:31,0
DA:40,1
DA:41,0
DA:51,1
DA:52,0
DA:56,1
DA:61,1
DA:62,0
DA:64,1
LF:21
LH:12
BRF:0
BRH:0
end_of_record
TN:
SF:/home/jephillips/kohese-server/kohese-portal/client/src/services/dynamic-types/dynamic-types.service.ts
FN:9,(anonymous_2)
FN:26,DynamicTypesService
FN:29,(anonymous_4)
FN:33,(anonymous_5)
FN:42,(anonymous_6)
FN:46,(anonymous_7)
FN:55,(anonymous_8)
FN:59,(anonymous_9)
FN:63,(anonymous_10)
FNF:9
FNH:1
FNDA:1,(anonymous_2)
FNDA:0,DynamicTypesService
FNDA:0,(anonymous_4)
FNDA:0,(anonymous_5)
FNDA:0,(anonymous_6)
FNDA:0,(anonymous_7)
FNDA:0,(anonymous_8)
FNDA:0,(anonymous_9)
FNDA:0,(anonymous_10)
DA:1,1
DA:3,1
DA:6,1
DA:9,1
DA:15,0
DA:26,0
DA:27,0
DA:28,0
DA:30,0
DA:31,0
DA:32,0
DA:34,0
DA:37,0
DA:42,1
DA:43,0
DA:46,1
DA:47,0
DA:48,0
DA:49,0
DA:50,0
DA:55,1
DA:56,0
DA:59,1
DA:60,0
DA:63,1
DA:64,0
DA:68,1
LF:27
LH:10
BRDA:30,0,0,0
BRDA:30,0,1,0
BRDA:35,1,0,0
BRDA:35,1,1,0
BRDA:35,2,0,0
BRDA:35,2,1,0
BRF:6
BRH:0
end_of_record
TN:
SF:/home/jephillips/kohese-server/kohese-portal/client/src/services/import/import.service.ts
FN:12,(anonymous_2)
FN:18,ImportService
FN:21,(anonymous_4)
FN:23,(anonymous_5)
FN:25,(anonymous_6)
FN:32,(anonymous_7)
FN:49,(anonymous_8)
FN:52,(anonymous_9)
FN:56,(anonymous_10)
FNF:9
FNH:1
FNDA:1,(anonymous_2)
FNDA:0,ImportService
FNDA:0,(anonymous_4)
FNDA:0,(anonymous_5)
FNDA:0,(anonymous_6)
FNDA:0,(anonymous_7)
FNDA:0,(anonymous_8)
FNDA:0,(anonymous_9)
FNDA:0,(anonymous_10)
DA:4,1
DA:5,1
DA:6,1
DA:9,1
DA:12,1
DA:15,0
DA:16,0
DA:18,0
DA:19,0
DA:20,0
DA:21,0
DA:23,0
DA:25,0
DA:26,0
DA:31,0
DA:33,0
DA:34,0
DA:35,0
DA:37,0
DA:39,0
DA:40,0
DA:43,0
DA:44,0
DA:49,0
DA:50,0
DA:52,0
DA:56,1
DA:57,0
DA:59,0
DA:60,0
DA:61,0
DA:63,1
LF:32
LH:7
BRDA:33,0,0,0
BRDA:33,0,1,0
BRDA:33,1,0,0
BRDA:33,1,1,0
BRDA:34,2,0,0
BRDA:34,2,1,0
BRDA:43,3,0,0
BRDA:43,3,1,0
BRF:8
BRH:0
end_of_record
TN:
SF:/home/jephillips/kohese-server/kohese-portal/client/src/services/item-repository/item-repository.service.ts
FN:21,(anonymous_2)
FN:35,ItemRepository
FN:42,(anonymous_4)
FN:83,(anonymous_5)
FN:101,(anonymous_6)
FN:114,(anonymous_7)
FN:118,(anonymous_8)
FN:122,(anonymous_9)
FN:126,(anonymous_10)
FN:130,(anonymous_11)
FN:136,(anonymous_12)
FN:140,(anonymous_13)
FN:144,(anonymous_14)
FN:148,(anonymous_15)
FN:151,(anonymous_16)
FN:164,(anonymous_17)
FN:177,(anonymous_18)
FN:184,(anonymous_19)
FN:191,(anonymous_20)
FN:200,(anonymous_21)
FN:208,(anonymous_22)
FN:221,(anonymous_23)
FN:261,(anonymous_24)
FN:265,(anonymous_25)
FN:274,(anonymous_26)
FN:293,(anonymous_27)
FN:299,(anonymous_28)
FN:305,(anonymous_29)
FN:347,(anonymous_30)
FN:351,(anonymous_31)
FN:355,(anonymous_32)
FN:366,(anonymous_33)
FN:371,(anonymous_34)
FN:383,(anonymous_35)
FN:394,(anonymous_36)
FN:395,(anonymous_37)
FN:396,(anonymous_38)
FN:406,(anonymous_39)
FN:407,(anonymous_40)
FN:408,(anonymous_41)
FN:424,(anonymous_42)
FN:425,(anonymous_43)
FN:430,(anonymous_44)
FN:447,(anonymous_45)
FN:450,(anonymous_46)
FN:451,(anonymous_47)
FN:463,(anonymous_48)
FN:464,(anonymous_49)
FN:469,(anonymous_50)
FN:470,(anonymous_51)
FN:475,(anonymous_52)
FN:476,(anonymous_53)
FN:486,(anonymous_54)
FN:487,(anonymous_55)
FN:507,(anonymous_56)
FN:510,(anonymous_57)
FN:511,(anonymous_58)
FNF:57
FNH:1
FNDA:1,(anonymous_2)
FNDA:0,ItemRepository
FNDA:0,(anonymous_4)
FNDA:0,(anonymous_5)
FNDA:0,(anonymous_6)
FNDA:0,(anonymous_7)
FNDA:0,(anonymous_8)
FNDA:0,(anonymous_9)
FNDA:0,(anonymous_10)
FNDA:0,(anonymous_11)
FNDA:0,(anonymous_12)
FNDA:0,(anonymous_13)
FNDA:0,(anonymous_14)
FNDA:0,(anonymous_15)
FNDA:0,(anonymous_16)
FNDA:0,(anonymous_17)
FNDA:0,(anonymous_18)
FNDA:0,(anonymous_19)
FNDA:0,(anonymous_20)
FNDA:0,(anonymous_21)
FNDA:0,(anonymous_22)
FNDA:0,(anonymous_23)
FNDA:0,(anonymous_24)
FNDA:0,(anonymous_25)
FNDA:0,(anonymous_26)
FNDA:0,(anonymous_27)
FNDA:0,(anonymous_28)
FNDA:0,(anonymous_29)
FNDA:0,(anonymous_30)
FNDA:0,(anonymous_31)
FNDA:0,(anonymous_32)
FNDA:0,(anonymous_33)
FNDA:0,(anonymous_34)
FNDA:0,(anonymous_35)
FNDA:0,(anonymous_36)
FNDA:0,(anonymous_37)
FNDA:0,(anonymous_38)
FNDA:0,(anonymous_39)
FNDA:0,(anonymous_40)
FNDA:0,(anonymous_41)
FNDA:0,(anonymous_42)
FNDA:0,(anonymous_43)
FNDA:0,(anonymous_44)
FNDA:0,(anonymous_45)
FNDA:0,(anonymous_46)
FNDA:0,(anonymous_47)
FNDA:0,(anonymous_48)
FNDA:0,(anonymous_49)
FNDA:0,(anonymous_50)
FNDA:0,(anonymous_51)
FNDA:0,(anonymous_52)
FNDA:0,(anonymous_53)
FNDA:0,(anonymous_54)
FNDA:0,(anonymous_55)
FNDA:0,(anonymous_56)
FNDA:0,(anonymous_57)
FNDA:0,(anonymous_58)
DA:1,1
DA:3,1
DA:5,1
DA:6,1
DA:7,1
DA:8,1
DA:10,1
DA:12,1
DA:21,1
DA:35,0
DA:36,0
DA:37,0
DA:38,0
DA:39,0
DA:42,1
DA:43,0
DA:44,0
DA:55,0
DA:71,0
DA:77,0
DA:83,0
DA:84,0
DA:85,0
DA:86,0
DA:87,0
DA:90,0
DA:92,0
DA:93,0
DA:95,0
DA:96,0
DA:100,0
DA:102,0
DA:103,0
DA:104,0
DA:105,0
DA:106,0
DA:110,0
DA:114,1
DA:115,0
DA:118,1
DA:119,0
DA:122,1
DA:123,0
DA:126,1
DA:127,0
DA:130,1
DA:131,0
DA:136,1
DA:137,0
DA:140,1
DA:141,0
DA:144,1
DA:145,0
DA:148,1
DA:150,0
DA:151,0
DA:152,0
DA:153,0
DA:154,0
DA:155,0
DA:157,0
DA:160,0
DA:161,0
DA:164,0
DA:165,0
DA:166,0
DA:167,0
DA:168,0
DA:170,0
DA:173,0
DA:174,0
DA:177,0
DA:178,0
DA:179,0
DA:180,0
DA:184,0
DA:185,0
DA:186,0
DA:187,0
DA:191,0
DA:192,0
DA:193,0
DA:200,0
DA:201,0
DA:202,0
DA:203,0
DA:204,0
DA:206,0
DA:207,0
DA:209,0
DA:210,0
DA:211,0
DA:212,0
DA:213,0
DA:221,1
DA:222,0
DA:223,0
DA:227,0
DA:229,0
DA:230,0
DA:231,0
DA:232,0
DA:235,0
DA:237,0
DA:239,0
DA:241,0
DA:243,0
DA:245,0
DA:247,0
DA:249,0
DA:252,0
DA:253,0
DA:254,0
DA:256,0
DA:257,0
DA:261,1
DA:262,0
DA:265,1
DA:266,0
DA:267,0
DA:269,0
DA:274,0
DA:275,0
DA:276,0
DA:277,0
DA:278,0
DA:279,0
DA:280,0
DA:281,0
DA:283,0
DA:284,0
DA:285,0
DA:286,0
DA:287,0
DA:288,0
DA:292,0
DA:293,0
DA:294,0
DA:298,0
DA:299,0
DA:300,0
DA:304,0
DA:305,0
DA:306,0
DA:307,0
DA:311,0
DA:312,0
DA:315,0
DA:316,0
DA:317,0
DA:319,0
DA:321,0
DA:322,0
DA:324,0
DA:325,0
DA:326,0
DA:327,0
DA:335,0
DA:336,0
DA:342,0
DA:343,0
DA:347,1
DA:348,0
DA:351,1
DA:352,0
DA:355,1
DA:356,0
DA:357,0
DA:358,0
DA:359,0
DA:366,1
DA:367,0
DA:368,0
DA:371,1
DA:373,0
DA:376,0
DA:377,0
DA:378,0
DA:383,1
DA:384,0
DA:386,0
DA:387,0
DA:389,0
DA:391,0
DA:394,1
DA:395,0
DA:396,0
DA:397,0
DA:398,0
DA:399,0
DA:403,0
DA:406,1
DA:407,0
DA:408,0
DA:409,0
DA:410,0
DA:411,0
DA:412,0
DA:414,0
DA:415,0
DA:416,0
DA:417,0
DA:418,0
DA:424,1
DA:425,0
DA:427,0
DA:431,0
DA:432,0
DA:434,0
DA:435,0
DA:436,0
DA:438,0
DA:440,0
DA:441,0
DA:447,1
DA:448,0
DA:450,0
DA:451,0
DA:452,0
DA:453,0
DA:455,0
DA:460,0
DA:463,1
DA:464,0
DA:465,0
DA:469,1
DA:470,0
DA:471,0
DA:475,1
DA:476,0
DA:477,0
DA:478,0
DA:480,0
DA:481,0
DA:482,0
DA:486,1
DA:487,0
DA:488,0
DA:489,0
DA:491,0
DA:492,0
DA:493,0
DA:494,0
DA:495,0
DA:497,0
DA:498,0
DA:499,0
DA:501,0
DA:507,1
DA:508,0
DA:510,0
DA:511,0
DA:512,0
DA:513,0
DA:515,0
DA:520,0
DA:522,1
LF:257
LH:38
BRDA:85,0,0,0
BRDA:85,0,1,0
BRDA:91,1,0,0
BRDA:91,1,1,0
BRDA:103,2,0,0
BRDA:103,2,1,0
BRDA:154,3,0,0
BRDA:154,3,1,0
BRDA:167,4,0,0
BRDA:167,4,1,0
BRDA:201,5,0,0
BRDA:201,5,1,0
BRDA:209,6,0,0
BRDA:209,6,1,0
BRDA:235,7,0,0
BRDA:235,7,1,0
BRDA:235,8,0,0
BRDA:235,8,1,0
BRDA:235,8,2,0
BRDA:235,9,0,0
BRDA:235,9,1,0
BRDA:239,10,0,0
BRDA:239,10,1,0
BRDA:239,11,0,0
BRDA:239,11,1,0
BRDA:239,11,2,0
BRDA:239,12,0,0
BRDA:239,12,1,0
BRDA:243,13,0,0
BRDA:243,13,1,0
BRDA:243,14,0,0
BRDA:243,14,1,0
BRDA:243,14,2,0
BRDA:243,15,0,0
BRDA:243,15,1,0
BRDA:247,16,0,0
BRDA:247,16,1,0
BRDA:247,17,0,0
BRDA:247,17,1,0
BRDA:247,17,2,0
BRDA:247,18,0,0
BRDA:247,18,1,0
BRDA:252,19,0,0
BRDA:252,19,1,0
BRDA:279,20,0,0
BRDA:279,20,1,0
BRDA:292,21,0,0
BRDA:292,21,1,0
BRDA:298,22,0,0
BRDA:298,22,1,0
BRDA:304,23,0,0
BRDA:304,23,1,0
BRDA:311,24,0,0
BRDA:311,24,1,0
BRDA:324,25,0,0
BRDA:324,25,1,0
BRDA:335,26,0,0
BRDA:335,26,1,0
BRDA:377,27,0,0
BRDA:377,27,1,0
BRDA:377,28,0,0
BRDA:377,28,1,0
BRDA:386,29,0,0
BRDA:386,29,1,0
BRDA:409,30,0,0
BRDA:409,30,1,0
BRDA:431,31,0,0
BRDA:431,31,1,0
BRDA:434,32,0,0
BRDA:434,32,1,0
BRDA:452,33,0,0
BRDA:452,33,1,0
BRDA:477,34,0,0
BRDA:477,34,1,0
BRDA:488,35,0,0
BRDA:488,35,1,0
BRDA:498,36,0,0
BRDA:498,36,1,0
BRDA:512,37,0,0
BRDA:512,37,1,0
BRF:80
BRH:0
end_of_record
TN:
SF:/home/jephillips/kohese-server/kohese-portal/client/src/services/navigation/NavigationUpdate.class.ts
FN:4,(anonymous_2)
FN:8,NavigationUpdate
FNF:2
FNH:1
FNDA:1,(anonymous_2)
FNDA:0,NavigationUpdate
DA:1,1
DA:4,1
DA:9,0
DA:10,0
DA:12,1
LF:5
LH:3
BRF:0
BRH:0
end_of_record
TN:
SF:/home/jephillips/kohese-server/kohese-portal/client/src/services/navigation/navigation.service.ts
FN:11,(anonymous_2)
FN:14,NavigationService
FN:18,(anonymous_4)
FN:22,(anonymous_5)
FNF:4
FNH:1
FNDA:1,(anonymous_2)
FNDA:0,NavigationService
FNDA:0,(anonymous_4)
FNDA:0,(anonymous_5)
DA:1,1
DA:3,1
DA:4,1
DA:5,1
DA:7,1
DA:11,1
DA:14,0
DA:15,0
DA:18,1
DA:19,0
DA:22,1
DA:23,0
DA:24,0
DA:25,0
DA:27,1
LF:15
LH:9
BRF:0
BRH:0
end_of_record
TN:
SF:/home/jephillips/kohese-server/kohese-portal/client/src/services/socket/socket.service.ts
FN:6,(anonymous_2)
FN:9,SocketService
FN:13,(anonymous_4)
FN:17,(anonymous_5)
FN:21,(anonymous_6)
FNF:5
FNH:1
FNDA:1,(anonymous_2)
FNDA:0,SocketService
FNDA:0,(anonymous_4)
FNDA:0,(anonymous_5)
FNDA:0,(anonymous_6)
DA:1,1
DA:3,1
DA:6,1
DA:10,0
DA:13,1
DA:14,0
DA:17,1
DA:18,0
DA:21,1
DA:22,0
DA:24,1
LF:11
LH:7
BRF:0
BRH:0
end_of_record
TN:
SF:/home/jephillips/kohese-server/kohese-portal/client/src/services/user/current-user.service.ts
FN:5,(anonymous_2)
FN:10,CurrentUserService
FN:16,(anonymous_4)
FN:20,(anonymous_5)
FN:25,(anonymous_6)
FN:29,(anonymous_7)
FN:33,(anonymous_8)
FNF:7
FNH:1
FNDA:1,(anonymous_2)
FNDA:0,CurrentUserService
FNDA:0,(anonymous_4)
FNDA:0,(anonymous_5)
FNDA:0,(anonymous_6)
FNDA:0,(anonymous_7)
FNDA:0,(anonymous_8)
DA:1,1
DA:2,1
DA:5,1
DA:11,0
DA:12,0
DA:13,0
DA:16,1
DA:17,0
DA:20,1
DA:21,0
DA:22,0
DA:25,1
DA:26,0
DA:29,1
DA:30,0
DA:33,1
DA:34,0
DA:36,1
LF:18
LH:9
BRF:0
BRH:0
end_of_record
TN:
SF:/home/jephillips/kohese-server/kohese-portal/client/src/services/user/session.service.ts
FN:12,(anonymous_2)
FN:18,SessionService
FN:21,(anonymous_4)
FN:24,(anonymous_5)
FN:41,(anonymous_6)
FN:45,(anonymous_7)
FN:49,(anonymous_8)
FN:60,(anonymous_9)
FN:64,(anonymous_10)
FN:68,(anonymous_11)
FN:70,(anonymous_12)
FNF:11
FNH:1
FNDA:1,(anonymous_2)
FNDA:0,SessionService
FNDA:0,(anonymous_4)
FNDA:0,(anonymous_5)
FNDA:0,(anonymous_6)
FNDA:0,(anonymous_7)
FNDA:0,(anonymous_8)
FNDA:0,(anonymous_9)
FNDA:0,(anonymous_10)
FNDA:0,(anonymous_11)
FNDA:0,(anonymous_12)
DA:1,1
DA:2,1
DA:4,1
DA:6,1
DA:7,1
DA:9,1
DA:12,1
DA:13,0
DA:14,0
DA:18,0
DA:19,0
DA:20,0
DA:21,0
DA:22,0
DA:23,0
DA:25,0
DA:26,0
DA:27,0
DA:29,0
DA:33,0
DA:34,0
DA:35,0
DA:37,0
DA:41,0
DA:42,0
DA:45,0
DA:46,0
DA:49,0
DA:50,0
DA:51,0
DA:54,0
DA:55,0
DA:60,1
DA:61,0
DA:64,1
DA:65,0
DA:68,1
DA:69,0
DA:70,0
DA:71,0
DA:72,0
DA:76,0
DA:78,1
LF:43
LH:11
BRDA:22,0,0,0
BRDA:22,0,1,0
BRDA:25,1,0,0
BRDA:25,1,1,0
BRDA:33,2,0,0
BRDA:33,2,1,0
BRDA:71,3,0,0
BRDA:71,3,1,0
BRF:8
BRH:0
end_of_record
TN:
SF:/home/jephillips/kohese-server/kohese-portal/client/src/services/version-control/version-control.service.ts
FN:12,(anonymous_2)
FN:13,VersionControlService
FN:17,(anonymous_4)
FN:28,(anonymous_5)
FN:37,(anonymous_6)
FN:48,(anonymous_7)
FN:61,(anonymous_8)
FN:72,(anonymous_9)
FN:81,(anonymous_10)
FN:99,(anonymous_11)
FN:108,(anonymous_12)
FN:118,(anonymous_13)
FN:127,(anonymous_14)
FN:139,(anonymous_15)
FN:148,(anonymous_16)
FN:157,(anonymous_17)
FNF:16
FNH:1
FNDA:1,(anonymous_2)
FNDA:0,VersionControlService
FNDA:0,(anonymous_4)
FNDA:0,(anonymous_5)
FNDA:0,(anonymous_6)
FNDA:0,(anonymous_7)
FNDA:0,(anonymous_8)
FNDA:0,(anonymous_9)
FNDA:0,(anonymous_10)
FNDA:0,(anonymous_11)
FNDA:0,(anonymous_12)
FNDA:0,(anonymous_13)
FNDA:0,(anonymous_14)
FNDA:0,(anonymous_15)
FNDA:0,(anonymous_16)
FNDA:0,(anonymous_17)
DA:1,1
DA:4,1
DA:5,1
DA:6,1
DA:7,1
DA:8,1
DA:9,1
DA:12,1
DA:13,0
DA:14,0
DA:17,1
DA:20,0
DA:23,0
DA:24,0
DA:27,0
DA:29,0
DA:30,0
DA:32,0
DA:37,1
DA:40,0
DA:43,0
DA:44,0
DA:47,0
DA:49,0
DA:50,0
DA:52,0
DA:55,0
DA:56,0
DA:61,1
DA:64,0
DA:67,0
DA:68,0
DA:71,0
DA:73,0
DA:74,0
DA:76,0
DA:81,1
DA:82,0
DA:88,0
DA:94,0
DA:95,0
DA:98,0
DA:100,0
DA:101,0
DA:103,0
DA:108,1
DA:112,0
DA:117,0
DA:119,0
DA:120,0
DA:122,0
DA:127,1
DA:132,0
DA:138,0
DA:140,0
DA:141,0
DA:143,0
DA:148,1
DA:151,0
DA:156,0
DA:157,0
DA:158,0
DA:159,0
DA:161,0
DA:165,1
LF:65
LH:16
BRDA:29,0,0,0
BRDA:29,0,1,0
BRDA:49,1,0,0
BRDA:49,1,1,0
BRDA:55,2,0,0
BRDA:55,2,1,0
BRDA:73,3,0,0
BRDA:73,3,1,0
BRDA:100,4,0,0
BRDA:100,4,1,0
BRDA:119,5,0,0
BRDA:119,5,1,0
BRDA:140,6,0,0
BRDA:140,6,1,0
BRDA:158,7,0,0
BRDA:158,7,1,0
BRF:16
BRH:0
end_of_record
TN:
SF:/home/jephillips/kohese-server/kohese-portal/common/models/item-proxy.js
FN:34,(anonymous_0)
FN:141,(anonymous_1)
FN:152,(anonymous_2)
FN:161,(anonymous_3)
FN:169,(anonymous_4)
FN:176,(anonymous_5)
FN:187,(anonymous_6)
FN:198,(anonymous_7)
FN:211,(anonymous_8)
FN:234,(anonymous_9)
FN:243,(anonymous_10)
FN:253,(anonymous_11)
FN:268,(anonymous_12)
FN:276,(anonymous_13)
FN:300,(anonymous_14)
FN:323,(anonymous_15)
FN:339,(anonymous_16)
FN:396,(anonymous_17)
FN:398,(anonymous_18)
FN:406,(anonymous_19)
FN:425,(anonymous_20)
FN:451,(anonymous_21)
FN:488,(anonymous_22)
FN:490,(anonymous_23)
FN:500,(anonymous_24)
FN:502,(anonymous_25)
FN:511,(anonymous_26)
FN:524,(anonymous_27)
FN:537,(anonymous_28)
FN:558,(anonymous_29)
FN:577,(anonymous_30)
FN:589,(anonymous_31)
FN:602,(anonymous_32)
FN:605,(anonymous_33)
FN:629,(anonymous_34)
FN:633,(anonymous_35)
FN:634,(anonymous_36)
FN:637,(anonymous_37)
FN:641,visitChild
FN:669,(anonymous_39)
FN:680,(anonymous_40)
FN:699,(anonymous_41)
FN:710,(anonymous_42)
FN:730,(anonymous_43)
FN:743,(anonymous_44)
FN:748,(anonymous_45)
FN:784,(anonymous_46)
FN:834,(anonymous_47)
FN:837,(anonymous_48)
FN:868,(anonymous_49)
FN:870,(anonymous_50)
FN:883,(anonymous_51)
FN:912,(anonymous_52)
FN:919,(anonymous_53)
FN:930,(anonymous_54)
FN:941,(anonymous_55)
FN:951,(anonymous_56)
FN:962,(anonymous_57)
FN:973,(anonymous_58)
FN:1062,(anonymous_59)
FN:1078,(anonymous_60)
FN:1133,(anonymous_61)
FN:1140,(anonymous_62)
FN:1202,createMissingProxy
FN:1216,copyAttributes
FNF:65
FNH:22
FNDA:266,(anonymous_0)
FNDA:0,(anonymous_1)
FNDA:0,(anonymous_2)
FNDA:32,(anonymous_3)
FNDA:0,(anonymous_4)
FNDA:0,(anonymous_5)
FNDA:0,(anonymous_6)
FNDA:2,(anonymous_7)
FNDA:266,(anonymous_8)
FNDA:0,(anonymous_9)
FNDA:523,(anonymous_10)
FNDA:0,(anonymous_11)
FNDA:266,(anonymous_12)
FNDA:0,(anonymous_13)
FNDA:0,(anonymous_14)
FNDA:264,(anonymous_15)
FNDA:264,(anonymous_16)
FNDA:0,(anonymous_17)
FNDA:0,(anonymous_18)
FNDA:0,(anonymous_19)
FNDA:0,(anonymous_20)
FNDA:0,(anonymous_21)
FNDA:0,(anonymous_22)
FNDA:0,(anonymous_23)
FNDA:0,(anonymous_24)
FNDA:0,(anonymous_25)
FNDA:0,(anonymous_26)
FNDA:0,(anonymous_27)
FNDA:1,(anonymous_28)
FNDA:0,(anonymous_29)
FNDA:0,(anonymous_30)
FNDA:0,(anonymous_31)
FNDA:1,(anonymous_32)
FNDA:0,(anonymous_33)
FNDA:1,(anonymous_34)
FNDA:0,(anonymous_35)
FNDA:0,(anonymous_36)
FNDA:0,(anonymous_37)
FNDA:0,visitChild
FNDA:1,(anonymous_39)
FNDA:1,(anonymous_40)
FNDA:0,(anonymous_41)
FNDA:0,(anonymous_42)
FNDA:0,(anonymous_43)
FNDA:1,(anonymous_44)
FNDA:1,(anonymous_45)
FNDA:8,(anonymous_46)
FNDA:0,(anonymous_47)
FNDA:0,(anonymous_48)
FNDA:264,(anonymous_49)
FNDA:176,(anonymous_50)
FNDA:0,(anonymous_51)
FNDA:1,(anonymous_52)
FNDA:0,(anonymous_53)
FNDA:0,(anonymous_54)
FNDA:0,(anonymous_55)
FNDA:0,(anonymous_56)
FNDA:0,(anonymous_57)
FNDA:257,(anonymous_58)
FNDA:0,(anonymous_59)
FNDA:0,(anonymous_60)
FNDA:0,(anonymous_61)
FNDA:0,(anonymous_62)
FNDA:4,createMissingProxy
FNDA:257,copyAttributes
DA:6,1
DA:7,1
DA:8,1
DA:10,1
DA:12,1
DA:13,1
DA:14,1
DA:15,1
DA:21,1
DA:23,1
DA:35,266
DA:37,266
DA:38,0
DA:39,0
DA:42,266
DA:44,266
DA:46,0
DA:47,0
DA:48,0
DA:49,0
DA:50,0
DA:52,0
DA:60,266
DA:61,266
DA:63,9
DA:64,9
DA:65,9
DA:66,9
DA:69,266
DA:74,257
DA:75,257
DA:78,9
DA:79,9
DA:81,9
DA:83,2
DA:84,2
DA:85,0
DA:87,2
DA:90,9
DA:92,9
DA:93,0
DA:96,9
DA:97,0
DA:100,9
DA:102,2
DA:105,7
DA:106,0
DA:109,7
DA:111,7
DA:113,7
DA:115,2
DA:118,7
DA:120,7
DA:121,7
DA:124,7
DA:126,7
DA:127,0
DA:135,7
DA:143,0
DA:144,0
DA:146,0
DA:148,0
DA:152,0
DA:153,0
DA:163,32
DA:170,0
DA:177,0
DA:178,0
DA:179,0
DA:188,0
DA:189,0
DA:190,0
DA:192,0
DA:201,2
DA:202,0
DA:204,2
DA:212,266
DA:213,0
DA:214,0
DA:215,0
DA:216,0
DA:217,0
DA:218,0
DA:221,0
DA:222,0
DA:224,0
DA:225,0
DA:226,0
DA:236,0
DA:245,523
DA:247,523
DA:252,523
DA:253,0
DA:254,0
DA:256,0
DA:257,0
DA:262,523
DA:269,266
DA:270,266
DA:277,0
DA:279,0
DA:281,0
DA:284,0
DA:286,0
DA:294,0
DA:301,0
DA:304,0
DA:307,0
DA:309,0
DA:317,0
DA:325,264
DA:326,0
DA:329,264
DA:330,264
DA:331,264
DA:333,264
DA:342,264
DA:345,264
DA:346,264
DA:347,264
DA:350,0
DA:356,0
DA:357,0
DA:358,0
DA:359,0
DA:361,0
DA:362,0
DA:363,0
DA:365,0
DA:369,0
DA:370,0
DA:371,0
DA:373,0
DA:374,0
DA:375,0
DA:379,0
DA:380,0
DA:383,0
DA:386,0
DA:387,0
DA:388,0
DA:397,0
DA:398,0
DA:399,0
DA:408,0
DA:409,0
DA:410,0
DA:411,0
DA:413,0
DA:414,0
DA:417,0
DA:425,0
DA:426,0
DA:427,0
DA:429,0
DA:431,0
DA:432,0
DA:435,0
DA:436,0
DA:437,0
DA:438,0
DA:439,0
DA:440,0
DA:441,0
DA:442,0
DA:444,0
DA:445,0
DA:446,0
DA:450,0
DA:451,0
DA:452,0
DA:453,0
DA:455,0
DA:456,0
DA:462,0
DA:465,0
DA:466,0
DA:467,0
DA:468,0
DA:474,0
DA:476,0
DA:482,0
DA:489,0
DA:490,0
DA:491,0
DA:494,0
DA:501,0
DA:502,0
DA:503,0
DA:505,0
DA:512,0
DA:514,0
DA:515,0
DA:516,0
DA:518,0
DA:525,0
DA:526,0
DA:527,0
DA:528,0
DA:529,0
DA:531,0
DA:538,1
DA:539,1
DA:541,1
DA:542,1
DA:545,0
DA:546,0
DA:547,0
DA:549,0
DA:550,0
DA:552,0
DA:559,0
DA:560,0
DA:561,0
DA:562,0
DA:563,0
DA:566,0
DA:578,0
DA:580,0
DA:581,0
DA:583,0
DA:590,0
DA:591,0
DA:592,0
DA:593,0
DA:596,0
DA:603,1
DA:605,1
DA:606,0
DA:609,1
DA:631,1
DA:632,1
DA:633,1
DA:634,1
DA:636,1
DA:637,1
DA:638,0
DA:642,0
DA:643,0
DA:644,0
DA:645,0
DA:650,1
DA:651,0
DA:654,1
DA:657,1
DA:658,0
DA:671,1
DA:672,1
DA:674,1
DA:682,1
DA:684,1
DA:686,1
DA:687,1
DA:688,1
DA:689,1
DA:690,0
DA:692,1
DA:700,0
DA:701,0
DA:702,0
DA:711,0
DA:712,0
DA:713,0
DA:714,0
DA:715,0
DA:718,0
DA:721,0
DA:722,0
DA:723,0
DA:731,0
DA:732,0
DA:734,0
DA:735,0
DA:736,0
DA:745,1
DA:746,1
DA:748,1
DA:750,1
DA:751,1
DA:753,1
DA:754,0
DA:757,1
DA:759,1
DA:760,0
DA:762,1
DA:766,0
DA:767,0
DA:769,0
DA:775,1
DA:777,1
DA:785,8
DA:787,0
DA:792,8
DA:793,0
DA:797,8
DA:798,8
DA:799,8
DA:800,6
DA:803,3
DA:804,3
DA:808,8
DA:809,8
DA:811,0
DA:812,0
DA:813,0
DA:816,8
DA:817,8
DA:819,8
DA:820,8
DA:821,7
DA:822,7
DA:826,8
DA:827,1
DA:837,0
DA:838,0
DA:841,0
DA:844,0
DA:845,0
DA:847,0
DA:848,0
DA:849,0
DA:850,0
DA:854,0
DA:855,0
DA:858,0
DA:859,0
DA:862,0
DA:869,264
DA:870,264
DA:871,176
DA:872,176
DA:873,132
DA:874,132
DA:875,132
DA:877,132
DA:881,0
DA:883,0
DA:884,0
DA:885,0
DA:886,0
DA:887,0
DA:889,0
DA:890,0
DA:892,0
DA:893,0
DA:894,0
DA:895,0
DA:896,0
DA:901,0
DA:902,0
DA:903,0
DA:913,1
DA:920,0
DA:921,0
DA:923,0
DA:931,0
DA:932,0
DA:933,0
DA:934,0
DA:942,0
DA:943,0
DA:944,0
DA:952,0
DA:953,0
DA:954,0
DA:955,0
DA:963,0
DA:964,0
DA:965,0
DA:967,0
DA:976,257
DA:978,257
DA:980,0
DA:981,0
DA:982,0
DA:983,0
DA:984,0
DA:986,0
DA:994,257
DA:996,257
DA:997,23
DA:998,23
DA:1002,257
DA:1005,257
DA:1008,257
DA:1009,257
DA:1011,257
DA:1012,0
DA:1016,257
DA:1017,257
DA:1018,257
DA:1021,257
DA:1023,257
DA:1024,0
DA:1028,0
DA:1029,0
DA:1031,0
DA:1034,0
DA:1035,0
DA:1038,0
DA:1041,257
DA:1043,257
DA:1045,0
DA:1048,257
DA:1049,0
DA:1063,0
DA:1068,0
DA:1072,0
DA:1073,0
DA:1076,0
DA:1078,0
DA:1079,0
DA:1081,0
DA:1085,0
DA:1086,0
DA:1093,0
DA:1097,0
DA:1098,0
DA:1100,0
DA:1101,0
DA:1108,0
DA:1111,0
DA:1115,0
DA:1116,0
DA:1123,0
DA:1134,0
DA:1141,0
DA:1145,0
DA:1146,0
DA:1148,0
DA:1149,0
DA:1150,0
DA:1151,0
DA:1152,0
DA:1154,0
DA:1156,0
DA:1157,0
DA:1161,0
DA:1163,0
DA:1164,0
DA:1167,0
DA:1168,0
DA:1170,0
DA:1172,0
DA:1173,0
DA:1174,0
DA:1175,0
DA:1185,1
DA:1189,1
DA:1191,1
DA:1196,1
DA:1203,4
DA:1210,4
DA:1219,257
DA:1220,2249
DA:1222,0
DA:1223,0
DA:1227,257
DA:1228,2249
DA:1230,0
DA:1231,0
DA:1232,0
DA:1234,0
DA:1235,0
DA:1243,1
LF:465
LH:158
BRDA:37,0,0,0
BRDA:37,0,1,266
BRDA:44,1,0,0
BRDA:44,1,1,266
BRDA:46,2,0,0
BRDA:46,2,1,0
BRDA:61,3,0,9
BRDA:61,3,1,257
BRDA:69,4,0,257
BRDA:69,4,1,9
BRDA:69,5,0,266
BRDA:69,5,1,257
BRDA:69,5,2,257
BRDA:69,5,3,257
BRDA:81,6,0,2
BRDA:81,6,1,7
BRDA:84,7,0,0
BRDA:84,7,1,2
BRDA:92,8,0,0
BRDA:92,8,1,9
BRDA:96,9,0,0
BRDA:96,9,1,9
BRDA:100,10,0,2
BRDA:100,10,1,7
BRDA:105,11,0,0
BRDA:105,11,1,7
BRDA:105,12,0,7
BRDA:105,12,1,6
BRDA:109,13,0,7
BRDA:109,13,1,1
BRDA:113,14,0,2
BRDA:113,14,1,5
BRDA:120,15,0,7
BRDA:120,15,1,0
BRDA:126,16,0,0
BRDA:126,16,1,7
BRDA:201,17,0,0
BRDA:201,17,1,2
BRDA:212,18,0,0
BRDA:212,18,1,266
BRDA:212,19,0,266
BRDA:212,19,1,266
BRDA:212,19,2,262
BRDA:217,20,0,0
BRDA:217,20,1,0
BRDA:221,21,0,0
BRDA:221,21,1,0
BRDA:225,22,0,0
BRDA:225,22,1,0
BRDA:252,23,0,0
BRDA:252,23,1,523
BRDA:252,24,0,523
BRDA:252,24,1,495
BRDA:252,24,2,489
BRDA:254,25,0,0
BRDA:254,25,1,0
BRDA:254,26,0,0
BRDA:254,26,1,0
BRDA:325,27,0,0
BRDA:325,27,1,264
BRDA:345,28,0,264
BRDA:345,28,1,0
BRDA:345,29,0,264
BRDA:345,29,1,264
BRDA:358,30,0,0
BRDA:358,30,1,0
BRDA:361,31,0,0
BRDA:361,31,1,0
BRDA:374,32,0,0
BRDA:374,32,1,0
BRDA:379,33,0,0
BRDA:379,33,1,0
BRDA:386,34,0,0
BRDA:386,34,1,0
BRDA:387,35,0,0
BRDA:387,35,1,0
BRDA:413,36,0,0
BRDA:413,36,1,0
BRDA:429,37,0,0
BRDA:429,37,1,0
BRDA:431,38,0,0
BRDA:431,38,1,0
BRDA:455,39,0,0
BRDA:455,39,1,0
BRDA:467,40,0,0
BRDA:467,40,1,0
BRDA:541,41,0,1
BRDA:541,41,1,0
BRDA:546,42,0,0
BRDA:546,42,1,0
BRDA:562,43,0,0
BRDA:562,43,1,0
BRDA:580,44,0,0
BRDA:580,44,1,0
BRDA:580,44,2,0
BRDA:592,45,0,0
BRDA:592,45,1,0
BRDA:631,46,0,1
BRDA:631,46,1,0
BRDA:631,47,0,1
BRDA:631,47,1,1
BRDA:632,48,0,0
BRDA:632,48,1,1
BRDA:632,49,0,1
BRDA:632,49,1,1
BRDA:633,50,0,1
BRDA:633,50,1,0
BRDA:634,51,0,0
BRDA:634,51,1,1
BRDA:642,52,0,0
BRDA:642,52,1,0
BRDA:650,53,0,0
BRDA:650,53,1,1
BRDA:657,54,0,0
BRDA:657,54,1,1
BRDA:671,55,0,1
BRDA:671,55,1,1
BRDA:713,56,0,0
BRDA:713,56,1,0
BRDA:757,57,0,1
BRDA:757,57,1,0
BRDA:759,58,0,0
BRDA:759,58,1,1
BRDA:759,59,0,1
BRDA:759,59,1,1
BRDA:766,60,0,0
BRDA:766,60,1,0
BRDA:766,61,0,0
BRDA:766,61,1,0
BRDA:785,62,0,0
BRDA:785,62,1,8
BRDA:792,63,0,0
BRDA:792,63,1,8
BRDA:798,64,0,8
BRDA:798,64,1,0
BRDA:800,65,0,3
BRDA:800,65,1,3
BRDA:800,66,0,6
BRDA:800,66,1,3
BRDA:800,66,2,0
BRDA:826,67,0,1
BRDA:826,67,1,7
BRDA:826,68,0,8
BRDA:826,68,1,4
BRDA:854,69,0,0
BRDA:854,69,1,0
BRDA:854,70,0,0
BRDA:854,70,1,0
BRDA:858,71,0,0
BRDA:858,71,1,0
BRDA:858,72,0,0
BRDA:858,72,1,0
BRDA:869,73,0,264
BRDA:869,73,1,0
BRDA:869,74,0,264
BRDA:869,74,1,3
BRDA:871,75,0,0
BRDA:871,75,1,176
BRDA:872,76,0,44
BRDA:872,76,1,132
BRDA:873,77,0,132
BRDA:873,77,1,0
BRDA:874,78,0,0
BRDA:874,78,1,132
BRDA:875,79,0,0
BRDA:875,79,1,132
BRDA:886,80,0,0
BRDA:886,80,1,0
BRDA:889,81,0,0
BRDA:889,81,1,0
BRDA:892,82,0,0
BRDA:892,82,1,0
BRDA:893,83,0,0
BRDA:893,83,1,0
BRDA:895,84,0,0
BRDA:895,84,1,0
BRDA:901,85,0,0
BRDA:901,85,1,0
BRDA:902,86,0,0
BRDA:902,86,1,0
BRDA:913,87,0,1
BRDA:913,87,1,1
BRDA:920,88,0,0
BRDA:920,88,1,0
BRDA:931,89,0,0
BRDA:931,89,1,0
BRDA:942,90,0,0
BRDA:942,90,1,0
BRDA:952,91,0,0
BRDA:952,91,1,0
BRDA:978,92,0,0
BRDA:978,92,1,257
BRDA:980,93,0,0
BRDA:980,93,1,0
BRDA:996,94,0,23
BRDA:996,94,1,234
BRDA:1008,95,0,257
BRDA:1008,95,1,0
BRDA:1011,96,0,0
BRDA:1011,96,1,257
BRDA:1017,97,0,257
BRDA:1017,97,1,0
BRDA:1021,98,0,257
BRDA:1021,98,1,44
BRDA:1023,99,0,0
BRDA:1023,99,1,257
BRDA:1028,100,0,0
BRDA:1028,100,1,0
BRDA:1034,101,0,0
BRDA:1034,101,1,0
BRDA:1043,102,0,0
BRDA:1043,102,1,257
BRDA:1048,103,0,0
BRDA:1048,103,1,257
BRDA:1068,104,0,0
BRDA:1068,104,1,0
BRDA:1072,105,0,0
BRDA:1072,105,1,0
BRDA:1072,106,0,0
BRDA:1072,106,1,0
BRDA:1076,107,0,0
BRDA:1076,107,1,0
BRDA:1081,108,0,0
BRDA:1081,108,1,0
BRDA:1085,109,0,0
BRDA:1085,109,1,0
BRDA:1097,110,0,0
BRDA:1097,110,1,0
BRDA:1098,111,0,0
BRDA:1098,111,1,0
BRDA:1100,112,0,0
BRDA:1100,112,1,0
BRDA:1111,113,0,0
BRDA:1111,113,1,0
BRDA:1115,114,0,0
BRDA:1115,114,1,0
BRDA:1151,115,0,0
BRDA:1151,115,1,0
BRDA:1167,116,0,0
BRDA:1167,116,1,0
BRDA:1170,117,0,0
BRDA:1170,117,1,0
BRDA:1174,118,0,0
BRDA:1174,118,1,0
BRDA:1220,119,0,0
BRDA:1220,119,1,2249
BRDA:1220,120,0,2249
BRDA:1220,120,1,2249
BRDA:1220,120,2,2249
BRDA:1228,121,0,0
BRDA:1228,121,1,2249
BRDA:1228,122,0,2249
BRDA:1228,122,1,2249
BRDA:1228,122,2,2249
BRDA:1228,122,3,2249
BRDA:1231,123,0,0
BRDA:1231,123,1,0
BRF:257
BRH:98
end_of_record
